Using pre-set license
Built from '2020.3/staging' branch; Version is '2020.3.14f1 (d0d1bb862f9d) revision 13685179'; Using compiler version '192528614'; Build Type 'Release'
OS: 'Windows 10 Pro; OS build 19044.1706; Version 2009; 64bit' Language: 'es' Physical Memory: 16225 MB
BatchMode: 1, IsHumanControllingUs: 0, StartBugReporterOnCrash: 0, Is64bit: 1, IsPro: 0

 COMMAND LINE ARGUMENTS:
C:\Program Files\Unity\Hub\Editor\2020.3.14f1\Editor\Unity.exe
-adb2
-batchMode
-noUpm
-name
AssetImportWorker0
-projectPath
D:/Uni/3r/2n season/Mecaniques Avançades/Delivery1_Shaders/ENTI_ShadersFrameWork
-logFile
Logs/AssetImportWorker0.log
-srvPort
59921
Successfully changed project path to: D:/Uni/3r/2n season/Mecaniques Avançades/Delivery1_Shaders/ENTI_ShadersFrameWork
D:/Uni/3r/2n season/Mecaniques Avançades/Delivery1_Shaders/ENTI_ShadersFrameWork
Using Asset Import Pipeline V2.
Refreshing native plugins compatible for Editor in 49.72 ms, found 2 plugins.
Preloading 0 native plugins for Editor in 0.00 ms.
Initialize engine version: 2020.3.14f1 (d0d1bb862f9d)
[Subsystems] Discovering subsystems at path C:/Program Files/Unity/Hub/Editor/2020.3.14f1/Editor/Data/Resources/UnitySubsystems
[Subsystems] Discovering subsystems at path D:/Uni/3r/2n season/Mecaniques Avançades/Delivery1_Shaders/ENTI_ShadersFrameWork/Assets
GfxDevice: creating device client; threaded=0
Direct3D:
    Version:  Direct3D 11.0 [level 11.1]
    Renderer: NVIDIA GeForce GTX 1660 SUPER (ID=0x21c4)
    Vendor:   
    VRAM:     5991 MB
    Driver:   27.21.14.5671
Shader 'Universal Render Pipeline/Particles/Lit': fallback shader 'Universal Render Pipeline/Particles/SimpleLit' not found
Initialize mono
Mono path[0] = 'C:/Program Files/Unity/Hub/Editor/2020.3.14f1/Editor/Data/Managed'
Mono path[1] = 'C:/Program Files/Unity/Hub/Editor/2020.3.14f1/Editor/Data/MonoBleedingEdge/lib/mono/unityjit'
Mono config path = 'C:/Program Files/Unity/Hub/Editor/2020.3.14f1/Editor/Data/MonoBleedingEdge/etc'
Using monoOptions --debugger-agent=transport=dt_socket,embedding=1,server=y,suspend=n,address=127.0.0.1:56068
Begin MonoManager ReloadAssembly
Registering precompiled unity dll's ...
Register platform support module: C:/Program Files/Unity/Hub/Editor/2020.3.14f1/Editor/Data/PlaybackEngines/MacStandaloneSupport/UnityEditor.OSXStandalone.Extensions.dll
Register platform support module: C:/Program Files/Unity/Hub/Editor/2020.3.14f1/Editor/Data/PlaybackEngines/WindowsStandaloneSupport/UnityEditor.WindowsStandalone.Extensions.dll
Register platform support module: C:/Program Files/Unity/Hub/Editor/2020.3.14f1/Editor/Data/PlaybackEngines/LinuxStandaloneSupport/UnityEditor.LinuxStandalone.Extensions.dll
Registered in 0.002743 seconds.
Native extension for LinuxStandalone target not found
Native extension for WindowsStandalone target not found
Native extension for OSXStandalone target not found
Refreshing native plugins compatible for Editor in 45.67 ms, found 2 plugins.
Preloading 0 native plugins for Editor in 0.00 ms.
Mono: successfully reloaded assembly
- Completed reload, in  1.149 seconds
Domain Reload Profiling:
	ReloadAssembly (1150ms)
		BeginReloadAssembly (58ms)
			ExecutionOrderSort (0ms)
			DisableScriptedObjects (0ms)
			BackupInstance (0ms)
			ReleaseScriptingObjects (0ms)
			CreateAndSetChildDomain (1ms)
		EndReloadAssembly (407ms)
			LoadAssemblies (56ms)
			RebuildTransferFunctionScriptingTraits (0ms)
			SetupTypeCache (140ms)
			ReleaseScriptCaches (0ms)
			RebuildScriptCaches (31ms)
			SetupLoadedEditorAssemblies (167ms)
				LogAssemblyErrors (0ms)
				InitializePlatformSupportModulesInManaged (7ms)
				SetLoadedEditorAssemblies (0ms)
				RefreshPlugins (46ms)
				BeforeProcessingInitializeOnLoad (13ms)
				ProcessInitializeOnLoadAttributes (76ms)
				ProcessInitializeOnLoadMethodAttributes (25ms)
				AfterProcessingInitializeOnLoad (0ms)
				EditorAssembliesLoaded (0ms)
			ExecutionOrderSort2 (0ms)
			AwakeInstancesAfterBackupRestoration (0ms)
Platform modules already initialized, skipping
Registering precompiled user dll's ...
Registered in 0.003658 seconds.
Begin MonoManager ReloadAssembly
Native extension for LinuxStandalone target not found
Native extension for WindowsStandalone target not found
Native extension for OSXStandalone target not found
Refreshing native plugins compatible for Editor in 49.44 ms, found 2 plugins.
Preloading 0 native plugins for Editor in 0.00 ms.
Mono: successfully reloaded assembly
- Completed reload, in  1.174 seconds
Domain Reload Profiling:
	ReloadAssembly (1175ms)
		BeginReloadAssembly (136ms)
			ExecutionOrderSort (0ms)
			DisableScriptedObjects (4ms)
			BackupInstance (0ms)
			ReleaseScriptingObjects (0ms)
			CreateAndSetChildDomain (18ms)
		EndReloadAssembly (979ms)
			LoadAssemblies (92ms)
			RebuildTransferFunctionScriptingTraits (0ms)
			SetupTypeCache (315ms)
			ReleaseScriptCaches (0ms)
			RebuildScriptCaches (56ms)
			SetupLoadedEditorAssemblies (382ms)
				LogAssemblyErrors (0ms)
				InitializePlatformSupportModulesInManaged (7ms)
				SetLoadedEditorAssemblies (0ms)
				RefreshPlugins (50ms)
				BeforeProcessingInitializeOnLoad (100ms)
				ProcessInitializeOnLoadAttributes (213ms)
				ProcessInitializeOnLoadMethodAttributes (4ms)
				AfterProcessingInitializeOnLoad (7ms)
				EditorAssembliesLoaded (0ms)
			ExecutionOrderSort2 (0ms)
			AwakeInstancesAfterBackupRestoration (7ms)
Platform modules already initialized, skipping
========================================================================
Worker process is ready to serve import requests
Shader 'Universal Render Pipeline/Particles/Lit': fallback shader 'Universal Render Pipeline/Particles/SimpleLit' not found
Launched and connected shader compiler UnityShaderCompiler.exe after 0.05 seconds
Refreshing native plugins compatible for Editor in 0.52 ms, found 2 plugins.
Preloading 0 native plugins for Editor in 0.00 ms.
Unloading 2817 Unused Serialized files (Serialized files now loaded: 0)
System memory in use before: 132.5 MB.
System memory in use after: 132.7 MB.

Unloading 19 unused Assets to reduce memory usage. Loaded Objects now: 3254.
Total: 2.166400 ms (FindLiveObjects: 0.241500 ms CreateObjectMapping: 0.140100 ms MarkObjects: 1.699500 ms  DeleteObjects: 0.084500 ms)

AssetImportParameters requested are different than current active one (requested -> active):
  custom:framework-win-MediaFoundation: 216162199b28c13a410421893ffa2e32 -> 
  custom:video-decoder-ogg-theora: a1e56fd34408186e4bbccfd4996cb3dc -> 
  custom:container-muxer-webm: aa71ff27fc2769a1b78a27578f13a17b -> 
  custom:container-demuxer-webm: 4f35f7cbe854078d1ac9338744f61a02 -> 
  custom:container-demuxer-ogg: 62fdf1f143b41e24485cea50d1cbac27 -> 
  custom:video-encoder-webm-vp8: eb34c28f22e8b96e1ab97ce403110664 -> 
  custom:video-decoder-webm-vp8: 9c59270c3fd7afecdb556c50c9e8de78 -> 
  custom:audio-decoder-ogg-vorbis: bf7c407c2cedff20999df2af8eb42d56 -> 
  custom:audio-encoder-webm-vorbis: bf7c407c2cedff20999df2af8eb42d56 -> 
========================================================================
Received Import Request.
  path: Assets/Shaders/materials/BlurMat.mat
  artifactKey: Guid(32d4cec3331644d49a56694c1b3ddb6e) Importer(815301076,1909f56bfc062723c751e8b465ee728b)
Start importing Assets/Shaders/materials/BlurMat.mat using Guid(32d4cec3331644d49a56694c1b3ddb6e) Importer(815301076,1909f56bfc062723c751e8b465ee728b)  -> (artifact id: '53d09bee126afedf5a53cd89b2dd415a') in 0.244925 seconds 
  Import took 0.249427 seconds .

========================================================================
Received Import Request.
  Time since last request: 0.000287 seconds.
  path: Assets/polyperfect/Low Poly Ultimate Pack/- Materials/Ground/GrassMat.mat
  artifactKey: Guid(d1b37cc89598ea045bb01c4ad123d362) Importer(815301076,1909f56bfc062723c751e8b465ee728b)
Start importing Assets/polyperfect/Low Poly Ultimate Pack/- Materials/Ground/GrassMat.mat using Guid(d1b37cc89598ea045bb01c4ad123d362) Importer(815301076,1909f56bfc062723c751e8b465ee728b)  -> (artifact id: '3385edb442a780724d8406adb8d167e2') in 0.014857 seconds 
  Import took 0.018944 seconds .

========================================================================
Received Import Request.
  Time since last request: 0.000361 seconds.
  path: Assets/Shaders/materials/Phong.mat
  artifactKey: Guid(47f05c7f27164c340806bd303750a163) Importer(815301076,1909f56bfc062723c751e8b465ee728b)
Start importing Assets/Shaders/materials/Phong.mat using Guid(47f05c7f27164c340806bd303750a163) Importer(815301076,1909f56bfc062723c751e8b465ee728b)  -> (artifact id: '0a257964e37451d5ac12d2d402fe800c') in 0.007985 seconds 
  Import took 0.012055 seconds .

========================================================================
Received Import Request.
  Time since last request: 0.000259 seconds.
  path: Assets/polyperfect/Low Poly Ultimate Pack/- Materials/Colors/Transparent/48 TRANSPARENT BLUE.mat
  artifactKey: Guid(d0054e2826ae0cc4e8abb517bd8d7ac5) Importer(815301076,1909f56bfc062723c751e8b465ee728b)
Start importing Assets/polyperfect/Low Poly Ultimate Pack/- Materials/Colors/Transparent/48 TRANSPARENT BLUE.mat using Guid(d0054e2826ae0cc4e8abb517bd8d7ac5) Importer(815301076,1909f56bfc062723c751e8b465ee728b)  -> (artifact id: 'c96f4bb91c6f9cf1d720b08083d89b2f') in 0.008921 seconds 
  Import took 0.012879 seconds .

========================================================================
Received Import Request.
  Time since last request: 0.000312 seconds.
  path: Assets/polyperfect/Low Poly Ultimate Pack/- Materials/Ground/StoneMat.mat
  artifactKey: Guid(858e221d51ae2324ab04bab5286c125a) Importer(815301076,1909f56bfc062723c751e8b465ee728b)
Start importing Assets/polyperfect/Low Poly Ultimate Pack/- Materials/Ground/StoneMat.mat using Guid(858e221d51ae2324ab04bab5286c125a) Importer(815301076,1909f56bfc062723c751e8b465ee728b)  -> (artifact id: '69374baf6fb3bf7bd09b431f116dfce5') in 0.010644 seconds 
  Import took 0.015082 seconds .

========================================================================
Received Import Request.
  Time since last request: 0.000343 seconds.
  path: Assets/polyperfect/Low Poly Ultimate Pack/- Materials/Ground/grassMat2.mat
  artifactKey: Guid(970b128313abd084f887d7abc1bbc49a) Importer(815301076,1909f56bfc062723c751e8b465ee728b)
Start importing Assets/polyperfect/Low Poly Ultimate Pack/- Materials/Ground/grassMat2.mat using Guid(970b128313abd084f887d7abc1bbc49a) Importer(815301076,1909f56bfc062723c751e8b465ee728b)  -> (artifact id: 'b5dd48cf75bd510fe2fe903fd5be3796') in 0.010643 seconds 
  Import took 0.014756 seconds .

========================================================================
Received Import Request.
  Time since last request: 0.000407 seconds.
  path: Assets/polyperfect/Low Poly Ultimate Pack/- Materials/Ground/SandMat.mat
  artifactKey: Guid(cf22a74082751544384fefe727f62125) Importer(815301076,1909f56bfc062723c751e8b465ee728b)
Start importing Assets/polyperfect/Low Poly Ultimate Pack/- Materials/Ground/SandMat.mat using Guid(cf22a74082751544384fefe727f62125) Importer(815301076,1909f56bfc062723c751e8b465ee728b)  -> (artifact id: '7083a8f733276742f54657cf3277d53a') in 0.008553 seconds 
  Import took 0.013113 seconds .

========================================================================
Received Import Request.
  Time since last request: 0.000294 seconds.
  path: Assets/polyperfect/Low Poly Ultimate Pack/- Materials/Ground/RedMat.mat
  artifactKey: Guid(0717b139ccb37a043864725edaf77340) Importer(815301076,1909f56bfc062723c751e8b465ee728b)
Start importing Assets/polyperfect/Low Poly Ultimate Pack/- Materials/Ground/RedMat.mat using Guid(0717b139ccb37a043864725edaf77340) Importer(815301076,1909f56bfc062723c751e8b465ee728b)  -> (artifact id: '992d05ccf36d8cfc6d153b0206fb226a') in 0.010594 seconds 
  Import took 0.015812 seconds .

========================================================================
Received Prepare
Registering precompiled user dll's ...
Registered in 0.003586 seconds.
Begin MonoManager ReloadAssembly
Native extension for LinuxStandalone target not found
Native extension for WindowsStandalone target not found
Native extension for OSXStandalone target not found
Refreshing native plugins compatible for Editor in 0.50 ms, found 2 plugins.
Preloading 0 native plugins for Editor in 0.00 ms.
Mono: successfully reloaded assembly
- Completed reload, in  1.130 seconds
Domain Reload Profiling:
	ReloadAssembly (1130ms)
		BeginReloadAssembly (135ms)
			ExecutionOrderSort (0ms)
			DisableScriptedObjects (7ms)
			BackupInstance (0ms)
			ReleaseScriptingObjects (0ms)
			CreateAndSetChildDomain (40ms)
		EndReloadAssembly (935ms)
			LoadAssemblies (96ms)
			RebuildTransferFunctionScriptingTraits (0ms)
			SetupTypeCache (325ms)
			ReleaseScriptCaches (1ms)
			RebuildScriptCaches (45ms)
			SetupLoadedEditorAssemblies (336ms)
				LogAssemblyErrors (0ms)
				InitializePlatformSupportModulesInManaged (10ms)
				SetLoadedEditorAssemblies (0ms)
				RefreshPlugins (1ms)
				BeforeProcessingInitializeOnLoad (101ms)
				ProcessInitializeOnLoadAttributes (213ms)
				ProcessInitializeOnLoadMethodAttributes (4ms)
				AfterProcessingInitializeOnLoad (7ms)
				EditorAssembliesLoaded (0ms)
			ExecutionOrderSort2 (0ms)
			AwakeInstancesAfterBackupRestoration (17ms)
Platform modules already initialized, skipping
Shader 'Universal Render Pipeline/Particles/Lit': fallback shader 'Universal Render Pipeline/Particles/SimpleLit' not found
Refreshing native plugins compatible for Editor in 0.77 ms, found 2 plugins.
Preloading 0 native plugins for Editor in 0.00 ms.
Unloading 2678 Unused Serialized files (Serialized files now loaded: 0)
System memory in use before: 127.9 MB.
System memory in use after: 128.2 MB.

Unloading 14 unused Assets to reduce memory usage. Loaded Objects now: 3335.
Total: 2.532900 ms (FindLiveObjects: 0.383100 ms CreateObjectMapping: 0.193700 ms MarkObjects: 1.940300 ms  DeleteObjects: 0.015000 ms)

AssetImportParameters requested are different than current active one (requested -> active):
  custom:framework-win-MediaFoundation: 216162199b28c13a410421893ffa2e32 -> 
  custom:video-decoder-ogg-theora: a1e56fd34408186e4bbccfd4996cb3dc -> 
  custom:container-muxer-webm: aa71ff27fc2769a1b78a27578f13a17b -> 
  custom:container-demuxer-webm: 4f35f7cbe854078d1ac9338744f61a02 -> 
  custom:container-demuxer-ogg: 62fdf1f143b41e24485cea50d1cbac27 -> 
  custom:video-encoder-webm-vp8: eb34c28f22e8b96e1ab97ce403110664 -> 
  custom:video-decoder-webm-vp8: 9c59270c3fd7afecdb556c50c9e8de78 -> 
  custom:audio-decoder-ogg-vorbis: bf7c407c2cedff20999df2af8eb42d56 -> 
  custom:audio-encoder-webm-vorbis: bf7c407c2cedff20999df2af8eb42d56 -> 
========================================================================
Received Import Request.
  Time since last request: 55.383627 seconds.
  path: Assets/Shaders/materials/VertexAnim_Mat.mat
  artifactKey: Guid(13771a0b6aa23944dbcc2dec70975f35) Importer(815301076,1909f56bfc062723c751e8b465ee728b)
Start importing Assets/Shaders/materials/VertexAnim_Mat.mat using Guid(13771a0b6aa23944dbcc2dec70975f35) Importer(815301076,1909f56bfc062723c751e8b465ee728b)  -> (artifact id: 'd0d8efac2f1a85caf2ae38eed5181946') in 0.195174 seconds 
  Import took 0.200879 seconds .

========================================================================
Received Import Request.
  Time since last request: 0.000287 seconds.
  path: Assets/polyperfect/Low Poly Ultimate Pack/- Materials/Ground/whiteMat.mat
  artifactKey: Guid(01a1cca483670434585ca557f028870c) Importer(815301076,1909f56bfc062723c751e8b465ee728b)
Start importing Assets/polyperfect/Low Poly Ultimate Pack/- Materials/Ground/whiteMat.mat using Guid(01a1cca483670434585ca557f028870c) Importer(815301076,1909f56bfc062723c751e8b465ee728b)  -> (artifact id: 'c261b990cc832fe7d6738890affa0176') in 0.010176 seconds 
  Import took 0.014555 seconds .

========================================================================
Received Import Request.
  Time since last request: 0.000273 seconds.
  path: Assets/Shaders/materials/VertexAnim_Mat.mat
  artifactKey: Guid(13771a0b6aa23944dbcc2dec70975f35) Importer(815301076,1909f56bfc062723c751e8b465ee728b)
Start importing Assets/Shaders/materials/VertexAnim_Mat.mat using Guid(13771a0b6aa23944dbcc2dec70975f35) Importer(815301076,1909f56bfc062723c751e8b465ee728b)  -> (artifact id: 'd0d8efac2f1a85caf2ae38eed5181946') in 0.008479 seconds 
  Import took 0.014260 seconds .

========================================================================
Received Import Request.
  Time since last request: 0.011392 seconds.
  path: Assets/polyperfect/Low Poly Ultimate Pack/- Materials/Ground/whiteMat.mat
  artifactKey: Guid(01a1cca483670434585ca557f028870c) Importer(815301076,1909f56bfc062723c751e8b465ee728b)
Start importing Assets/polyperfect/Low Poly Ultimate Pack/- Materials/Ground/whiteMat.mat using Guid(01a1cca483670434585ca557f028870c) Importer(815301076,1909f56bfc062723c751e8b465ee728b)  -> (artifact id: 'c261b990cc832fe7d6738890affa0176') in 0.015634 seconds 
  Import took 0.022510 seconds .

========================================================================
Received Import Request.
  Time since last request: 43.659958 seconds.
  path: Assets/UniversalRenderPipelineAsset.asset
  artifactKey: Guid(5bb9e3ba33838ad468294d771ce1b18d) Importer(815301076,1909f56bfc062723c751e8b465ee728b)
Start importing Assets/UniversalRenderPipelineAsset.asset using Guid(5bb9e3ba33838ad468294d771ce1b18d) Importer(815301076,1909f56bfc062723c751e8b465ee728b)  -> (artifact id: '882cb7005615fbe313a2df48f794ab18') in 0.014263 seconds 
  Import took 0.019241 seconds .

========================================================================
Received Import Request.
  Time since last request: 0.000322 seconds.
  path: Assets/UniversalRenderPipelineAsset_Renderer.asset
  artifactKey: Guid(c62fa6f806ccfd54c8a2320bf159c8fd) Importer(815301076,1909f56bfc062723c751e8b465ee728b)
Start importing Assets/UniversalRenderPipelineAsset_Renderer.asset using Guid(c62fa6f806ccfd54c8a2320bf159c8fd) Importer(815301076,1909f56bfc062723c751e8b465ee728b)  -> (artifact id: '04c8df8f6c4620b395b092d566da5f6c') in 0.003558 seconds 
  Import took 0.009038 seconds .

========================================================================
Received Import Request.
  Time since last request: 2.325934 seconds.
  path: Assets/Light.cs
  artifactKey: Guid(baa1c629590cf8b4da9c37171ce031a7) Importer(815301076,1909f56bfc062723c751e8b465ee728b)
Start importing Assets/Light.cs using Guid(baa1c629590cf8b4da9c37171ce031a7) Importer(815301076,1909f56bfc062723c751e8b465ee728b)  -> (artifact id: 'ce1d09d23248061642152ad18e7aefad') in 0.018325 seconds 
  Import took 0.022963 seconds .

========================================================================
Received Prepare
Registering precompiled user dll's ...
Registered in 0.005728 seconds.
Begin MonoManager ReloadAssembly
Native extension for LinuxStandalone target not found
Native extension for WindowsStandalone target not found
Native extension for OSXStandalone target not found
Refreshing native plugins compatible for Editor in 0.49 ms, found 2 plugins.
Preloading 0 native plugins for Editor in 0.00 ms.
Mono: successfully reloaded assembly
- Completed reload, in  1.208 seconds
Domain Reload Profiling:
	ReloadAssembly (1209ms)
		BeginReloadAssembly (164ms)
			ExecutionOrderSort (0ms)
			DisableScriptedObjects (7ms)
			BackupInstance (0ms)
			ReleaseScriptingObjects (0ms)
			CreateAndSetChildDomain (53ms)
		EndReloadAssembly (962ms)
			LoadAssemblies (139ms)
			RebuildTransferFunctionScriptingTraits (0ms)
			SetupTypeCache (326ms)
			ReleaseScriptCaches (1ms)
			RebuildScriptCaches (46ms)
			SetupLoadedEditorAssemblies (324ms)
				LogAssemblyErrors (0ms)
				InitializePlatformSupportModulesInManaged (8ms)
				SetLoadedEditorAssemblies (0ms)
				RefreshPlugins (1ms)
				BeforeProcessingInitializeOnLoad (97ms)
				ProcessInitializeOnLoadAttributes (205ms)
				ProcessInitializeOnLoadMethodAttributes (5ms)
				AfterProcessingInitializeOnLoad (7ms)
				EditorAssembliesLoaded (0ms)
			ExecutionOrderSort2 (0ms)
			AwakeInstancesAfterBackupRestoration (18ms)
Platform modules already initialized, skipping
Shader 'Universal Render Pipeline/Particles/Lit': fallback shader 'Universal Render Pipeline/Particles/SimpleLit' not found
Refreshing native plugins compatible for Editor in 0.47 ms, found 2 plugins.
Preloading 0 native plugins for Editor in 0.00 ms.
Unloading 2680 Unused Serialized files (Serialized files now loaded: 0)
System memory in use before: 128.2 MB.
System memory in use after: 128.4 MB.

Unloading 14 unused Assets to reduce memory usage. Loaded Objects now: 3376.
Total: 2.150800 ms (FindLiveObjects: 0.268700 ms CreateObjectMapping: 0.143300 ms MarkObjects: 1.724000 ms  DeleteObjects: 0.013900 ms)

AssetImportParameters requested are different than current active one (requested -> active):
  custom:framework-win-MediaFoundation: 216162199b28c13a410421893ffa2e32 -> 
  custom:video-decoder-ogg-theora: a1e56fd34408186e4bbccfd4996cb3dc -> 
  custom:container-muxer-webm: aa71ff27fc2769a1b78a27578f13a17b -> 
  custom:container-demuxer-webm: 4f35f7cbe854078d1ac9338744f61a02 -> 
  custom:container-demuxer-ogg: 62fdf1f143b41e24485cea50d1cbac27 -> 
  custom:video-encoder-webm-vp8: eb34c28f22e8b96e1ab97ce403110664 -> 
  custom:video-decoder-webm-vp8: 9c59270c3fd7afecdb556c50c9e8de78 -> 
  custom:audio-decoder-ogg-vorbis: bf7c407c2cedff20999df2af8eb42d56 -> 
  custom:audio-encoder-webm-vorbis: bf7c407c2cedff20999df2af8eb42d56 -> 
========================================================================
Received Import Request.
  Time since last request: 13.816774 seconds.
  path: Assets/Light.cs
  artifactKey: Guid(baa1c629590cf8b4da9c37171ce031a7) Importer(815301076,1909f56bfc062723c751e8b465ee728b)
Start importing Assets/Light.cs using Guid(baa1c629590cf8b4da9c37171ce031a7) Importer(815301076,1909f56bfc062723c751e8b465ee728b)  -> (artifact id: '35df75cb6b53486ace5765e01d079991') in 0.005910 seconds 
  Import took 0.011695 seconds .

========================================================================
Received Import Request.
  Time since last request: 0.026127 seconds.
  path: Assets/Light.cs
  artifactKey: Guid(baa1c629590cf8b4da9c37171ce031a7) Importer(815301076,1909f56bfc062723c751e8b465ee728b)
Start importing Assets/Light.cs using Guid(baa1c629590cf8b4da9c37171ce031a7) Importer(815301076,1909f56bfc062723c751e8b465ee728b)  -> (artifact id: '35df75cb6b53486ace5765e01d079991') in 0.002518 seconds 
  Import took 0.009775 seconds .

========================================================================
Received Prepare
Registering precompiled user dll's ...
Registered in 0.005416 seconds.
Begin MonoManager ReloadAssembly
Native extension for LinuxStandalone target not found
Native extension for WindowsStandalone target not found
Native extension for OSXStandalone target not found
Refreshing native plugins compatible for Editor in 0.47 ms, found 2 plugins.
Preloading 0 native plugins for Editor in 0.00 ms.
Mono: successfully reloaded assembly
- Completed reload, in  1.169 seconds
Domain Reload Profiling:
	ReloadAssembly (1170ms)
		BeginReloadAssembly (174ms)
			ExecutionOrderSort (0ms)
			DisableScriptedObjects (6ms)
			BackupInstance (0ms)
			ReleaseScriptingObjects (0ms)
			CreateAndSetChildDomain (59ms)
		EndReloadAssembly (905ms)
			LoadAssemblies (138ms)
			RebuildTransferFunctionScriptingTraits (0ms)
			SetupTypeCache (287ms)
			ReleaseScriptCaches (1ms)
			RebuildScriptCaches (45ms)
			SetupLoadedEditorAssemblies (319ms)
				LogAssemblyErrors (0ms)
				InitializePlatformSupportModulesInManaged (7ms)
				SetLoadedEditorAssemblies (0ms)
				RefreshPlugins (1ms)
				BeforeProcessingInitializeOnLoad (93ms)
				ProcessInitializeOnLoadAttributes (207ms)
				ProcessInitializeOnLoadMethodAttributes (3ms)
				AfterProcessingInitializeOnLoad (7ms)
				EditorAssembliesLoaded (0ms)
			ExecutionOrderSort2 (0ms)
			AwakeInstancesAfterBackupRestoration (17ms)
Platform modules already initialized, skipping
Shader 'Universal Render Pipeline/Particles/Lit': fallback shader 'Universal Render Pipeline/Particles/SimpleLit' not found
Refreshing native plugins compatible for Editor in 0.62 ms, found 2 plugins.
Preloading 0 native plugins for Editor in 0.00 ms.
Unloading 2677 Unused Serialized files (Serialized files now loaded: 0)
System memory in use before: 128.1 MB.
System memory in use after: 128.4 MB.

Unloading 15 unused Assets to reduce memory usage. Loaded Objects now: 3378.
Total: 2.449400 ms (FindLiveObjects: 0.263900 ms CreateObjectMapping: 0.135700 ms MarkObjects: 2.030600 ms  DeleteObjects: 0.018100 ms)

AssetImportParameters requested are different than current active one (requested -> active):
  custom:framework-win-MediaFoundation: 216162199b28c13a410421893ffa2e32 -> 
  custom:video-decoder-ogg-theora: a1e56fd34408186e4bbccfd4996cb3dc -> 
  custom:container-muxer-webm: aa71ff27fc2769a1b78a27578f13a17b -> 
  custom:container-demuxer-webm: 4f35f7cbe854078d1ac9338744f61a02 -> 
  custom:container-demuxer-ogg: 62fdf1f143b41e24485cea50d1cbac27 -> 
  custom:video-encoder-webm-vp8: eb34c28f22e8b96e1ab97ce403110664 -> 
  custom:video-decoder-webm-vp8: 9c59270c3fd7afecdb556c50c9e8de78 -> 
  custom:audio-decoder-ogg-vorbis: bf7c407c2cedff20999df2af8eb42d56 -> 
  custom:audio-encoder-webm-vorbis: bf7c407c2cedff20999df2af8eb42d56 -> 
========================================================================
Received Import Request.
  Time since last request: 25.115193 seconds.
  path: Assets/SceneScript.cs
  artifactKey: Guid(f4fd98ce62e9f214ea0d1efd6c9e783e) Importer(815301076,1909f56bfc062723c751e8b465ee728b)
Start importing Assets/SceneScript.cs using Guid(f4fd98ce62e9f214ea0d1efd6c9e783e) Importer(815301076,1909f56bfc062723c751e8b465ee728b)  -> (artifact id: '8e33986b5338e38e1aabb1113bfccd16') in 0.008277 seconds 
  Import took 0.013771 seconds .

========================================================================
Received Import Request.
  Time since last request: 0.027506 seconds.
  path: Assets/SceneScript.cs
  artifactKey: Guid(f4fd98ce62e9f214ea0d1efd6c9e783e) Importer(815301076,1909f56bfc062723c751e8b465ee728b)
Start importing Assets/SceneScript.cs using Guid(f4fd98ce62e9f214ea0d1efd6c9e783e) Importer(815301076,1909f56bfc062723c751e8b465ee728b)  -> (artifact id: '8e33986b5338e38e1aabb1113bfccd16') in 0.002352 seconds 
  Import took 0.006668 seconds .

========================================================================
Received Import Request.
  Time since last request: 22.111935 seconds.
  path: Assets/Shaders/Phong.shader
  artifactKey: Guid(98d0220b401426f46bf9720822781d17) Importer(815301076,1909f56bfc062723c751e8b465ee728b)
Start importing Assets/Shaders/Phong.shader using Guid(98d0220b401426f46bf9720822781d17) Importer(815301076,1909f56bfc062723c751e8b465ee728b)  -> (artifact id: '189d8872749afcdf3e7ffb6adf5a03ab') in 0.027758 seconds 
  Import took 0.033466 seconds .

========================================================================
Received Import Request.
  Time since last request: 0.603313 seconds.
  path: Assets/Shaders/Phong.shader
  artifactKey: Guid(98d0220b401426f46bf9720822781d17) Importer(815301076,1909f56bfc062723c751e8b465ee728b)
Start importing Assets/Shaders/Phong.shader using Guid(98d0220b401426f46bf9720822781d17) Importer(815301076,1909f56bfc062723c751e8b465ee728b)  -> (artifact id: '189d8872749afcdf3e7ffb6adf5a03ab') in 0.002675 seconds 
  Import took 0.007626 seconds .

========================================================================
Received Import Request.
  Time since last request: 48.959740 seconds.
  path: Assets/Shaders/Phong.shader
  artifactKey: Guid(98d0220b401426f46bf9720822781d17) Importer(815301076,1909f56bfc062723c751e8b465ee728b)
Start importing Assets/Shaders/Phong.shader using Guid(98d0220b401426f46bf9720822781d17) Importer(815301076,1909f56bfc062723c751e8b465ee728b)  -> (artifact id: 'cce3d75b662a0450f4272000d9e31dbb') in 0.005646 seconds 
  Import took 0.013047 seconds .

========================================================================
Received Import Request.
  Time since last request: 14.212392 seconds.
  path: Assets/Shaders/materials
  artifactKey: Guid(bd3f372b3ffdc484fa6b12bf129d3aac) Importer(815301076,1909f56bfc062723c751e8b465ee728b)
Start importing Assets/Shaders/materials using Guid(bd3f372b3ffdc484fa6b12bf129d3aac) Importer(815301076,1909f56bfc062723c751e8b465ee728b)  -> (artifact id: '976adfe82c687c7faa4b7cf6e1f4d3f2') in 0.003097 seconds 
  Import took 0.007856 seconds .

========================================================================
Received Import Request.
  Time since last request: 0.060646 seconds.
  path: Assets/Shaders/materials/PostProcessTexture.renderTexture
  artifactKey: Guid(df31025e5a4ac76449cc27dcc64179e6) Importer(815301076,1909f56bfc062723c751e8b465ee728b)
Start importing Assets/Shaders/materials/PostProcessTexture.renderTexture using Guid(df31025e5a4ac76449cc27dcc64179e6) Importer(815301076,1909f56bfc062723c751e8b465ee728b)  -> (artifact id: 'ac3c7d2a0b3a8ac8cb9c21deff733d2b') in 0.036424 seconds 
  Import took 0.040619 seconds .

========================================================================
Received Import Request.
  Time since last request: 22.761973 seconds.
  path: Assets/Textures/grass.jpg
  artifactKey: Guid(5e76d267923a5e54ab5b59ddf7238f0b) Importer(815301076,1909f56bfc062723c751e8b465ee728b)
Start importing Assets/Textures/grass.jpg using Guid(5e76d267923a5e54ab5b59ddf7238f0b) Importer(815301076,1909f56bfc062723c751e8b465ee728b)  -> (artifact id: '7daf2d19bf1e139b47b001bd190d27d9') in 0.051344 seconds 
  Import took 0.055610 seconds .

========================================================================
Received Import Request.
  Time since last request: 0.000304 seconds.
  path: Assets/Textures/grass2.jpg
  artifactKey: Guid(fb27797b386fb5d49ab666a94d955ae5) Importer(815301076,1909f56bfc062723c751e8b465ee728b)
Start importing Assets/Textures/grass2.jpg using Guid(fb27797b386fb5d49ab666a94d955ae5) Importer(815301076,1909f56bfc062723c751e8b465ee728b)  -> (artifact id: '90caa36ca3d9a197286e844af7856bb7') in 0.009525 seconds 
  Import took 0.013992 seconds .

========================================================================
Received Import Request.
  Time since last request: 0.000289 seconds.
  path: Assets/Textures/sand.jpg
  artifactKey: Guid(3405ae3ba9d94de4bb4264303baf66c7) Importer(815301076,1909f56bfc062723c751e8b465ee728b)
Start importing Assets/Textures/sand.jpg using Guid(3405ae3ba9d94de4bb4264303baf66c7) Importer(815301076,1909f56bfc062723c751e8b465ee728b)  -> (artifact id: 'a9d2a60c5dcf5c387fbff13add52af78') in 0.012690 seconds 
  Import took 0.022019 seconds .

========================================================================
Received Import Request.
  Time since last request: 0.000490 seconds.
  path: Assets/Textures/red.png
  artifactKey: Guid(c0523a5e146b937458b2d32dc0f834b2) Importer(815301076,1909f56bfc062723c751e8b465ee728b)
Start importing Assets/Textures/red.png using Guid(c0523a5e146b937458b2d32dc0f834b2) Importer(815301076,1909f56bfc062723c751e8b465ee728b)  -> (artifact id: 'fe036372afd50c1aa94474d4229fe1b2') in 0.011671 seconds 
  Import took 0.020186 seconds .

========================================================================
Received Import Request.
  Time since last request: 0.000445 seconds.
  path: Assets/Textures/white.jpg
  artifactKey: Guid(a9213a2ff4e4de940a86123da7ad0f39) Importer(815301076,1909f56bfc062723c751e8b465ee728b)
Start importing Assets/Textures/white.jpg using Guid(a9213a2ff4e4de940a86123da7ad0f39) Importer(815301076,1909f56bfc062723c751e8b465ee728b)  -> (artifact id: 'c13588cba6b74e0fb9d8337c77ea8895') in 0.008363 seconds 
  Import took 0.015076 seconds .

========================================================================
Received Import Request.
  Time since last request: 0.000296 seconds.
  path: Assets/Textures/water.jpg
  artifactKey: Guid(806ba073cd40f1746a642119aae99a9a) Importer(815301076,1909f56bfc062723c751e8b465ee728b)
Start importing Assets/Textures/water.jpg using Guid(806ba073cd40f1746a642119aae99a9a) Importer(815301076,1909f56bfc062723c751e8b465ee728b)  -> (artifact id: 'd2eb4b9a34a9ce589326cdde25789cb8') in 0.009077 seconds 
  Import took 0.015038 seconds .

========================================================================
Received Import Request.
  Time since last request: 0.000572 seconds.
  path: Assets/Textures/stone.jpg
  artifactKey: Guid(bd4594e5c73db64459bb40e4da684ecf) Importer(815301076,1909f56bfc062723c751e8b465ee728b)
Start importing Assets/Textures/stone.jpg using Guid(bd4594e5c73db64459bb40e4da684ecf) Importer(815301076,1909f56bfc062723c751e8b465ee728b)  -> (artifact id: 'd313ccc27e6feff192332933be4cacb5') in 0.013554 seconds 
  Import took 0.020911 seconds .

========================================================================
Received Import Request.
  Time since last request: 39.556545 seconds.
  path: Assets/polyperfect
  artifactKey: Guid(aa94392bfff8bc54da9045cfc1b8d8ed) Importer(815301076,1909f56bfc062723c751e8b465ee728b)
Start importing Assets/polyperfect using Guid(aa94392bfff8bc54da9045cfc1b8d8ed) Importer(815301076,1909f56bfc062723c751e8b465ee728b)  -> (artifact id: '745e2c040d880e8b13bd6ae5a23c157b') in 0.002830 seconds 
  Import took 0.007498 seconds .

========================================================================
Received Import Request.
  Time since last request: 0.783167 seconds.
  path: Assets/polyperfect/Low Poly Ultimate Pack
  artifactKey: Guid(2fe8520da59ee6f4197ebe02a5ba2cd1) Importer(815301076,1909f56bfc062723c751e8b465ee728b)
Start importing Assets/polyperfect/Low Poly Ultimate Pack using Guid(2fe8520da59ee6f4197ebe02a5ba2cd1) Importer(815301076,1909f56bfc062723c751e8b465ee728b)  -> (artifact id: '740a31e6d49c4717b80d175714702899') in 0.002635 seconds 
  Import took 0.007076 seconds .

========================================================================
Received Import Request.
  Time since last request: 5.927426 seconds.
  path: Assets/polyperfect/Low Poly Ultimate Pack/- Materials
  artifactKey: Guid(50caba2b6d00ba34bb3c52b1e94dd668) Importer(815301076,1909f56bfc062723c751e8b465ee728b)
Start importing Assets/polyperfect/Low Poly Ultimate Pack/- Materials using Guid(50caba2b6d00ba34bb3c52b1e94dd668) Importer(815301076,1909f56bfc062723c751e8b465ee728b)  -> (artifact id: '6da50f3642bcadc9ab6cf889f67d019a') in 0.003028 seconds 
  Import took 0.007614 seconds .

========================================================================
Received Import Request.
  Time since last request: 4.170294 seconds.
  path: Assets/polyperfect/Low Poly Ultimate Pack/- Materials/Colors
  artifactKey: Guid(47415f59e5b8de94d909c502e52d4d9a) Importer(815301076,1909f56bfc062723c751e8b465ee728b)
Start importing Assets/polyperfect/Low Poly Ultimate Pack/- Materials/Colors using Guid(47415f59e5b8de94d909c502e52d4d9a) Importer(815301076,1909f56bfc062723c751e8b465ee728b)  -> (artifact id: '01fdff99997aa09ff4cc019867e5446e') in 0.002834 seconds 
  Import took 0.007228 seconds .

========================================================================
Received Import Request.
  Time since last request: 2.179512 seconds.
  path: Assets/polyperfect/Low Poly Ultimate Pack/- Materials/Ground
  artifactKey: Guid(d6f073ae78aa10648a2eb53766201f11) Importer(815301076,1909f56bfc062723c751e8b465ee728b)
Start importing Assets/polyperfect/Low Poly Ultimate Pack/- Materials/Ground using Guid(d6f073ae78aa10648a2eb53766201f11) Importer(815301076,1909f56bfc062723c751e8b465ee728b)  -> (artifact id: '969112444e7cf84d620d7687fce93c29') in 0.002872 seconds 
  Import took 0.009562 seconds .

========================================================================
Received Import Request.
  Time since last request: 54.306866 seconds.
  path: Assets/polyperfect/Low Poly Ultimate Pack/- Materials/Colors/Transparent
  artifactKey: Guid(bf7a22faaaeb37c46bd50069b6a69c2e) Importer(815301076,1909f56bfc062723c751e8b465ee728b)
Start importing Assets/polyperfect/Low Poly Ultimate Pack/- Materials/Colors/Transparent using Guid(bf7a22faaaeb37c46bd50069b6a69c2e) Importer(815301076,1909f56bfc062723c751e8b465ee728b)  -> (artifact id: '94095279921276a92444a88f675f1526') in 0.002996 seconds 
  Import took 0.008407 seconds .

========================================================================
Received Import Request.
  Time since last request: 33.155987 seconds.
  path: Assets/polyperfect/Low Poly Ultimate Pack/M/- Meshes_M
  artifactKey: Guid(ff221cf6b2fb2e048b3700792f58ddf1) Importer(815301076,1909f56bfc062723c751e8b465ee728b)
Start importing Assets/polyperfect/Low Poly Ultimate Pack/M/- Meshes_M using Guid(ff221cf6b2fb2e048b3700792f58ddf1) Importer(815301076,1909f56bfc062723c751e8b465ee728b)  -> (artifact id: '97feb39c08f1489d513838a38a386bff') in 0.002519 seconds 
  Import took 0.007537 seconds .

========================================================================
Received Import Request.
  Time since last request: 1.779765 seconds.
  path: Assets/polyperfect/Low Poly Ultimate Pack/M/- Meshes_M/Animals_M
  artifactKey: Guid(653e2bb215a89084285782bfba6d4491) Importer(815301076,1909f56bfc062723c751e8b465ee728b)
Start importing Assets/polyperfect/Low Poly Ultimate Pack/M/- Meshes_M/Animals_M using Guid(653e2bb215a89084285782bfba6d4491) Importer(815301076,1909f56bfc062723c751e8b465ee728b)  -> (artifact id: '2e2ac0bc27c603e649a0638078357b2a') in 0.004181 seconds 
  Import took 0.009487 seconds .

========================================================================
Received Import Request.
  Time since last request: 0.066792 seconds.
  path: Assets/polyperfect/Low Poly Ultimate Pack/M/- Meshes_M/Animals_M/seagull.fbx
  artifactKey: Guid(21afbc3e55fb86b48b46caaf6e6410a3) Importer(815301076,1909f56bfc062723c751e8b465ee728b)
Start importing Assets/polyperfect/Low Poly Ultimate Pack/M/- Meshes_M/Animals_M/seagull.fbx using Guid(21afbc3e55fb86b48b46caaf6e6410a3) Importer(815301076,1909f56bfc062723c751e8b465ee728b)  -> (artifact id: 'd4930071afc398b5fb1c779dc47f147d') in 0.183018 seconds 
  Import took 0.187697 seconds .

========================================================================
Received Import Request.
  Time since last request: 0.000253 seconds.
  path: Assets/polyperfect/Low Poly Ultimate Pack/M/- Meshes_M/Animals_M/starfish.fbx
  artifactKey: Guid(7bd63f1d5fd739949a60543acc31bacb) Importer(815301076,1909f56bfc062723c751e8b465ee728b)
Start importing Assets/polyperfect/Low Poly Ultimate Pack/M/- Meshes_M/Animals_M/starfish.fbx using Guid(7bd63f1d5fd739949a60543acc31bacb) Importer(815301076,1909f56bfc062723c751e8b465ee728b)  -> (artifact id: '31f0cad406ac387ac11ea3a01996b076') in 0.015416 seconds 
  Import took 0.019585 seconds .

========================================================================
Received Import Request.
  Time since last request: 0.000292 seconds.
  path: Assets/polyperfect/Low Poly Ultimate Pack/M/- Meshes_M/Animals_M/shark.fbx
  artifactKey: Guid(93e9783ecb094204fa83c679aca10561) Importer(815301076,1909f56bfc062723c751e8b465ee728b)
Start importing Assets/polyperfect/Low Poly Ultimate Pack/M/- Meshes_M/Animals_M/shark.fbx using Guid(93e9783ecb094204fa83c679aca10561) Importer(815301076,1909f56bfc062723c751e8b465ee728b)  -> (artifact id: '9dcad55497e10b6e2d780edad9686c36') in 0.025650 seconds 
  Import took 0.030456 seconds .

========================================================================
Received Import Request.
  Time since last request: 9.678821 seconds.
  path: Assets/polyperfect/Low Poly Ultimate Pack/T
  artifactKey: Guid(54070ef6d973e694a850749aca93b35d) Importer(815301076,1909f56bfc062723c751e8b465ee728b)
Start importing Assets/polyperfect/Low Poly Ultimate Pack/T using Guid(54070ef6d973e694a850749aca93b35d) Importer(815301076,1909f56bfc062723c751e8b465ee728b)  -> (artifact id: '0d909b5be4229faea228aa945562a6b7') in 0.003556 seconds 
  Import took 0.009810 seconds .

========================================================================
Received Import Request.
  Time since last request: 0.499073 seconds.
  path: Assets/polyperfect/Low Poly Ultimate Pack/M
  artifactKey: Guid(d53162318098e5041a7a357389c5de6f) Importer(815301076,1909f56bfc062723c751e8b465ee728b)
Start importing Assets/polyperfect/Low Poly Ultimate Pack/M using Guid(d53162318098e5041a7a357389c5de6f) Importer(815301076,1909f56bfc062723c751e8b465ee728b)  -> (artifact id: 'f087f8c5fd08dc317d427a4d7337bc0a') in 0.002697 seconds 
  Import took 0.007186 seconds .

========================================================================
Received Import Request.
  Time since last request: 1.013063 seconds.
  path: Assets/polyperfect/Low Poly Ultimate Pack/M/- Prefabs_M
  artifactKey: Guid(b17d84a619632b746901ec471da702f0) Importer(815301076,1909f56bfc062723c751e8b465ee728b)
Start importing Assets/polyperfect/Low Poly Ultimate Pack/M/- Prefabs_M using Guid(b17d84a619632b746901ec471da702f0) Importer(815301076,1909f56bfc062723c751e8b465ee728b)  -> (artifact id: 'a02582c98ac5a5e8b9ff32bce52fe625') in 0.003385 seconds 
  Import took 0.007748 seconds .

========================================================================
Received Prepare
Registering precompiled user dll's ...
Registered in 0.003338 seconds.
Begin MonoManager ReloadAssembly
Native extension for LinuxStandalone target not found
Native extension for WindowsStandalone target not found
Native extension for OSXStandalone target not found
Refreshing native plugins compatible for Editor in 0.51 ms, found 2 plugins.
Preloading 0 native plugins for Editor in 0.00 ms.
Mono: successfully reloaded assembly
- Completed reload, in  1.186 seconds
Domain Reload Profiling:
	ReloadAssembly (1187ms)
		BeginReloadAssembly (129ms)
			ExecutionOrderSort (0ms)
			DisableScriptedObjects (9ms)
			BackupInstance (0ms)
			ReleaseScriptingObjects (0ms)
			CreateAndSetChildDomain (41ms)
		EndReloadAssembly (990ms)
			LoadAssemblies (98ms)
			RebuildTransferFunctionScriptingTraits (0ms)
			SetupTypeCache (366ms)
			ReleaseScriptCaches (1ms)
			RebuildScriptCaches (46ms)
			SetupLoadedEditorAssemblies (334ms)
				LogAssemblyErrors (0ms)
				InitializePlatformSupportModulesInManaged (7ms)
				SetLoadedEditorAssemblies (0ms)
				RefreshPlugins (1ms)
				BeforeProcessingInitializeOnLoad (99ms)
				ProcessInitializeOnLoadAttributes (216ms)
				ProcessInitializeOnLoadMethodAttributes (3ms)
				AfterProcessingInitializeOnLoad (7ms)
				EditorAssembliesLoaded (0ms)
			ExecutionOrderSort2 (0ms)
			AwakeInstancesAfterBackupRestoration (19ms)
Platform modules already initialized, skipping
Shader 'Universal Render Pipeline/Particles/Lit': fallback shader 'Universal Render Pipeline/Particles/SimpleLit' not found
Refreshing native plugins compatible for Editor in 0.61 ms, found 2 plugins.
Preloading 0 native plugins for Editor in 0.00 ms.
Unloading 2677 Unused Serialized files (Serialized files now loaded: 0)
System memory in use before: 128.5 MB.
System memory in use after: 128.7 MB.

Unloading 14 unused Assets to reduce memory usage. Loaded Objects now: 3425.
Total: 2.734300 ms (FindLiveObjects: 0.477800 ms CreateObjectMapping: 0.222400 ms MarkObjects: 2.015500 ms  DeleteObjects: 0.017400 ms)

AssetImportParameters requested are different than current active one (requested -> active):
  custom:framework-win-MediaFoundation: 216162199b28c13a410421893ffa2e32 -> 
  custom:video-decoder-ogg-theora: a1e56fd34408186e4bbccfd4996cb3dc -> 
  custom:container-muxer-webm: aa71ff27fc2769a1b78a27578f13a17b -> 
  custom:container-demuxer-webm: 4f35f7cbe854078d1ac9338744f61a02 -> 
  custom:container-demuxer-ogg: 62fdf1f143b41e24485cea50d1cbac27 -> 
  custom:video-encoder-webm-vp8: eb34c28f22e8b96e1ab97ce403110664 -> 
  custom:video-decoder-webm-vp8: 9c59270c3fd7afecdb556c50c9e8de78 -> 
  custom:audio-decoder-ogg-vorbis: bf7c407c2cedff20999df2af8eb42d56 -> 
  custom:audio-encoder-webm-vorbis: bf7c407c2cedff20999df2af8eb42d56 -> 
========================================================================
Received Import Request.
  Time since last request: 1093.732414 seconds.
  path: Assets/New Shader Graph.shadergraph
  artifactKey: Guid(d3ea721f4865d87489153320629ac27d) Importer(815301076,1909f56bfc062723c751e8b465ee728b)
Start importing Assets/New Shader Graph.shadergraph using Guid(d3ea721f4865d87489153320629ac27d) Importer(815301076,1909f56bfc062723c751e8b465ee728b)  -> (artifact id: 'e854e49be02e0fb557ed41dc3999e9f8') in 0.035358 seconds 
  Import took 0.040506 seconds .

========================================================================
Received Import Request.
  Time since last request: 0.234344 seconds.
  path: Assets/New Shader Graph.shadergraph
  artifactKey: Guid(d3ea721f4865d87489153320629ac27d) Importer(815301076,1909f56bfc062723c751e8b465ee728b)
Start importing Assets/New Shader Graph.shadergraph using Guid(d3ea721f4865d87489153320629ac27d) Importer(815301076,1909f56bfc062723c751e8b465ee728b)  -> (artifact id: 'e854e49be02e0fb557ed41dc3999e9f8') in 0.003593 seconds 
  Import took 0.009187 seconds .

========================================================================
Received Import Request.
  Time since last request: 9.893885 seconds.
  path: Assets/Shader Graphs_New Shader Graph.mat
  artifactKey: Guid(b3704e9f6cb3ee3489678ca15bb0dfb1) Importer(815301076,1909f56bfc062723c751e8b465ee728b)
Start importing Assets/Shader Graphs_New Shader Graph.mat using Guid(b3704e9f6cb3ee3489678ca15bb0dfb1) Importer(815301076,1909f56bfc062723c751e8b465ee728b)  -> (artifact id: '936910e5fa4222d00da59920f17496ed') in 0.167494 seconds 
  Import took 0.173465 seconds .

========================================================================
Received Import Request.
  Time since last request: 18.830499 seconds.
  path: Assets/New Shader Graph.shadergraph
  artifactKey: Guid(d3ea721f4865d87489153320629ac27d) Importer(815301076,1909f56bfc062723c751e8b465ee728b)
Start importing Assets/New Shader Graph.shadergraph using Guid(d3ea721f4865d87489153320629ac27d) Importer(815301076,1909f56bfc062723c751e8b465ee728b)  -> (artifact id: '450e3e9f890abb5a1175ee1984737228') in 0.003677 seconds 
  Import took 0.008627 seconds .

========================================================================
Received Import Request.
  Time since last request: 94.431495 seconds.
  path: Assets/New Shader Graph.shadergraph
  artifactKey: Guid(d3ea721f4865d87489153320629ac27d) Importer(815301076,1909f56bfc062723c751e8b465ee728b)
Start importing Assets/New Shader Graph.shadergraph using Guid(d3ea721f4865d87489153320629ac27d) Importer(815301076,1909f56bfc062723c751e8b465ee728b)  -> (artifact id: '397f9a6065352f1902af2e3bada41f2c') in 0.004142 seconds 
  Import took 0.009198 seconds .

========================================================================
Received Import Request.
  Time since last request: 723.966581 seconds.
  path: Assets/polyperfect/Low Poly Ultimate Pack/- Materials/Colors/Transparent/48 TRANSPARENT BLUE.mat
  artifactKey: Guid(d0054e2826ae0cc4e8abb517bd8d7ac5) Importer(815301076,1909f56bfc062723c751e8b465ee728b)
Start importing Assets/polyperfect/Low Poly Ultimate Pack/- Materials/Colors/Transparent/48 TRANSPARENT BLUE.mat using Guid(d0054e2826ae0cc4e8abb517bd8d7ac5) Importer(815301076,1909f56bfc062723c751e8b465ee728b)  -> (artifact id: '1994a37dd3ba2a09227b7ddc4a246c1b') in 0.017444 seconds 
  Import took 0.026249 seconds .

AssetImportWorkerClient::OnTransportError - code=2 error=End of file
